c:\users\teodor\source\repos\chessgamepracticumproject\chessgamepracticumproject\debug\chessgamepracticumproject.pch
c:\users\teodor\source\repos\chessgamepracticumproject\chessgamepracticumproject\debug\vc141.pdb
c:\users\teodor\source\repos\chessgamepracticumproject\chessgamepracticumproject\debug\vc141.idb
c:\users\teodor\source\repos\chessgamepracticumproject\chessgamepracticumproject\debug\stdafx.obj
c:\users\teodor\source\repos\chessgamepracticumproject\chessgamepracticumproject\debug\bishop.obj
c:\users\teodor\source\repos\chessgamepracticumproject\chessgamepracticumproject\debug\board.obj
c:\users\teodor\source\repos\chessgamepracticumproject\chessgamepracticumproject\debug\chessgamepracticumproject.obj
c:\users\teodor\source\repos\chessgamepracticumproject\chessgamepracticumproject\debug\consoleview.obj
c:\users\teodor\source\repos\chessgamepracticumproject\chessgamepracticumproject\debug\figure.obj
c:\users\teodor\source\repos\chessgamepracticumproject\chessgamepracticumproject\debug\game.obj
c:\users\teodor\source\repos\chessgamepracticumproject\chessgamepracticumproject\debug\horse.obj
c:\users\teodor\source\repos\chessgamepracticumproject\chessgamepracticumproject\debug\iboard.obj
c:\users\teodor\source\repos\chessgamepracticumproject\chessgamepracticumproject\debug\igame.obj
c:\users\teodor\source\repos\chessgamepracticumproject\chessgamepracticumproject\debug\king.obj
c:\users\teodor\source\repos\chessgamepracticumproject\chessgamepracticumproject\debug\move.obj
c:\users\teodor\source\repos\chessgamepracticumproject\chessgamepracticumproject\debug\pawn.obj
c:\users\teodor\source\repos\chessgamepracticumproject\chessgamepracticumproject\debug\position.obj
c:\users\teodor\source\repos\chessgamepracticumproject\chessgamepracticumproject\debug\queen.obj
c:\users\teodor\source\repos\chessgamepracticumproject\chessgamepracticumproject\debug\rook.obj
c:\users\teodor\source\repos\chessgamepracticumproject\chessgamepracticumproject\debug\square.obj
c:\users\teodor\source\repos\chessgamepracticumproject\chessgamepracticumproject\debug\view.obj
c:\users\teodor\source\repos\chessgamepracticumproject\debug\chessgamepracticumproject.exe
c:\users\teodor\source\repos\chessgamepracticumproject\debug\chessgamepracticumproject.ilk
c:\users\teodor\source\repos\chessgamepracticumproject\debug\chessgamepracticumproject.pdb
c:\users\teodor\source\repos\chessgamepracticumproject\chessgamepracticumproject\debug\chessgam.678398d9.tlog\cl.command.1.tlog
c:\users\teodor\source\repos\chessgamepracticumproject\chessgamepracticumproject\debug\chessgam.678398d9.tlog\cl.read.1.tlog
c:\users\teodor\source\repos\chessgamepracticumproject\chessgamepracticumproject\debug\chessgam.678398d9.tlog\cl.write.1.tlog
c:\users\teodor\source\repos\chessgamepracticumproject\chessgamepracticumproject\debug\chessgam.678398d9.tlog\link.command.1.tlog
c:\users\teodor\source\repos\chessgamepracticumproject\chessgamepracticumproject\debug\chessgam.678398d9.tlog\link.read.1.tlog
c:\users\teodor\source\repos\chessgamepracticumproject\chessgamepracticumproject\debug\chessgam.678398d9.tlog\link.write.1.tlog
